<?xml version="1.0" encoding="UTF-8"?>
<!-- Generated by org.testng.reporters.JUnitReportReporter -->
<testsuite hostname="Pragti" failures="0" tests="1" name="pac1.AutoSuggestionTest" time="8.208" errors="0" timestamp="2024-12-18T16:59:20 IST" skipped="0">
  <testcase classname="pac1.AutoSuggestionTest" name="pickdateTest" time="8.208"/>
</testsuite> <!-- pac1.AutoSuggestionTest -->
